<?xml version="1.0" encoding="UTF-8"?>
<!-- Generated by org.testng.reporters.JUnitReportReporter -->
<testsuite hostname="DESKTOP-PRQV5DF" failures="0" tests="5" name="org.check.ChromeTestingClass" time="87.309" errors="0" timestamp="2023-10-04T09:20:49 GMT-07:00" skipped="0">
  <testcase classname="org.check.ChromeTestingClass" name="tc01" time="66.315"/>
  <testcase classname="org.check.ChromeTestingClass" name="tc02" time="5.229"/>
  <testcase classname="org.check.ChromeTestingClass" name="tc03" time="12.625"/>
  <testcase classname="org.check.ChromeTestingClass" name="tc04" time="2.869"/>
  <testcase classname="org.check.ChromeTestingClass" name="tc05" time="0.271"/>
</testsuite> <!-- org.check.ChromeTestingClass -->
